Using pre-set license
Built from '2020.3/staging' branch; Version is '2020.3.16f1 (049d6eca3c44) revision 302446'; Using compiler version '192528614'; Build Type 'Release'
OS: 'Windows 10 Pro; OS build 19042.1237; Version 2009; 64bit' Language: 'en' Physical Memory: 8191 MB
BatchMode: 1, IsHumanControllingUs: 0, StartBugReporterOnCrash: 0, Is64bit: 1, IsPro: 0

 COMMAND LINE ARGUMENTS:
K:\Unity\Versions\2020.3.16f1\Editor\Unity.exe
-adb2
-batchMode
-noUpm
-name
AssetImportWorker0
-projectPath
K:/Unity/Projects/Shop sim
-logFile
Logs/AssetImportWorker0.log
-srvPort
52463
Successfully changed project path to: K:/Unity/Projects/Shop sim
K:/Unity/Projects/Shop sim
Using Asset Import Pipeline V2.
Refreshing native plugins compatible for Editor in 55.96 ms, found 2 plugins.
Preloading 0 native plugins for Editor in 0.00 ms.
Initialize engine version: 2020.3.16f1 (049d6eca3c44)
[Subsystems] Discovering subsystems at path K:/Unity/Versions/2020.3.16f1/Editor/Data/Resources/UnitySubsystems
[Subsystems] Discovering subsystems at path K:/Unity/Projects/Shop sim/Assets
GfxDevice: creating device client; threaded=0
Direct3D:
    Version:  Direct3D 11.0 [level 11.1]
    Renderer: AMD Radeon (TM) R9 390 Series (ID=0x67b1)
    Vendor:   
    VRAM:     8167 MB
    Driver:   27.20.21003.8013
Initialize mono
Mono path[0] = 'K:/Unity/Versions/2020.3.16f1/Editor/Data/Managed'
Mono path[1] = 'K:/Unity/Versions/2020.3.16f1/Editor/Data/MonoBleedingEdge/lib/mono/unityjit'
Mono config path = 'K:/Unity/Versions/2020.3.16f1/Editor/Data/MonoBleedingEdge/etc'
Using monoOptions --debugger-agent=transport=dt_socket,embedding=1,server=y,suspend=n,address=127.0.0.1:56276
Begin MonoManager ReloadAssembly
Registering precompiled unity dll's ...
Register platform support module: K:/Unity/Versions/2020.3.16f1/Editor/Data/PlaybackEngines/WebGLSupport/UnityEditor.WebGL.Extensions.dll
Register platform support module: K:/Unity/Versions/2020.3.16f1/Editor/Data/PlaybackEngines/WindowsStandaloneSupport/UnityEditor.WindowsStandalone.Extensions.dll
Registered in 0.002530 seconds.
Native extension for WindowsStandalone target not found
Native extension for WebGL target not found
Refreshing native plugins compatible for Editor in 52.94 ms, found 2 plugins.
Preloading 0 native plugins for Editor in 0.00 ms.
Mono: successfully reloaded assembly
- Completed reload, in  2.052 seconds
Domain Reload Profiling:
	ReloadAssembly (2053ms)
		BeginReloadAssembly (143ms)
			ExecutionOrderSort (0ms)
			DisableScriptedObjects (0ms)
			BackupInstance (0ms)
			ReleaseScriptingObjects (0ms)
			CreateAndSetChildDomain (2ms)
		EndReloadAssembly (875ms)
			LoadAssemblies (142ms)
			RebuildTransferFunctionScriptingTraits (0ms)
			SetupTypeCache (308ms)
			ReleaseScriptCaches (0ms)
			RebuildScriptCaches (61ms)
			SetupLoadedEditorAssemblies (351ms)
				LogAssemblyErrors (0ms)
				InitializePlatformSupportModulesInManaged (11ms)
				SetLoadedEditorAssemblies (1ms)
				RefreshPlugins (53ms)
				BeforeProcessingInitializeOnLoad (38ms)
				ProcessInitializeOnLoadAttributes (185ms)
				ProcessInitializeOnLoadMethodAttributes (64ms)
				AfterProcessingInitializeOnLoad (0ms)
				EditorAssembliesLoaded (0ms)
			ExecutionOrderSort2 (0ms)
			AwakeInstancesAfterBackupRestoration (0ms)
Platform modules already initialized, skipping
Registering precompiled user dll's ...
Registered in 0.005352 seconds.
Begin MonoManager ReloadAssembly
Native extension for WindowsStandalone target not found
Native extension for WebGL target not found
Refreshing native plugins compatible for Editor in 1.38 ms, found 2 plugins.
Preloading 0 native plugins for Editor in 0.00 ms.
Mono: successfully reloaded assembly
- Completed reload, in  2.952 seconds
Domain Reload Profiling:
	ReloadAssembly (2954ms)
		BeginReloadAssembly (309ms)
			ExecutionOrderSort (0ms)
			DisableScriptedObjects (12ms)
			BackupInstance (0ms)
			ReleaseScriptingObjects (0ms)
			CreateAndSetChildDomain (37ms)
		EndReloadAssembly (2523ms)
			LoadAssemblies (205ms)
			RebuildTransferFunctionScriptingTraits (0ms)
			SetupTypeCache (654ms)
			ReleaseScriptCaches (1ms)
			RebuildScriptCaches (95ms)
			SetupLoadedEditorAssemblies (1331ms)
				LogAssemblyErrors (0ms)
				InitializePlatformSupportModulesInManaged (20ms)
				SetLoadedEditorAssemblies (1ms)
				RefreshPlugins (2ms)
				BeforeProcessingInitializeOnLoad (377ms)
				ProcessInitializeOnLoadAttributes (912ms)
				ProcessInitializeOnLoadMethodAttributes (13ms)
				AfterProcessingInitializeOnLoad (6ms)
				EditorAssembliesLoaded (1ms)
			ExecutionOrderSort2 (0ms)
			AwakeInstancesAfterBackupRestoration (21ms)
Platform modules already initialized, skipping
========================================================================
Worker process is ready to serve import requests
Launched and connected shader compiler UnityShaderCompiler.exe after 0.07 seconds
Refreshing native plugins compatible for Editor in 0.71 ms, found 2 plugins.
Preloading 0 native plugins for Editor in 0.00 ms.
Unloading 1398 Unused Serialized files (Serialized files now loaded: 0)
System memory in use before: 65.4 MB.
System memory in use after: 65.4 MB.

Unloading 18 unused Assets to reduce memory usage. Loaded Objects now: 1832.
Total: 5.493053 ms (FindLiveObjects: 0.423447 ms CreateObjectMapping: 0.108802 ms MarkObjects: 4.828966 ms  DeleteObjects: 0.121055 ms)

AssetImportParameters requested are different than current active one (requested -> active):
  custom:framework-win-MediaFoundation: 216162199b28c13a410421893ffa2e32 -> 
  custom:video-decoder-ogg-theora: a1e56fd34408186e4bbccfd4996cb3dc -> 
  custom:container-muxer-webm: aa71ff27fc2769a1b78a27578f13a17b -> 
  custom:container-demuxer-webm: 4f35f7cbe854078d1ac9338744f61a02 -> 
  custom:container-demuxer-ogg: 62fdf1f143b41e24485cea50d1cbac27 -> 
  custom:video-encoder-webm-vp8: eb34c28f22e8b96e1ab97ce403110664 -> 
  custom:video-decoder-webm-vp8: 9c59270c3fd7afecdb556c50c9e8de78 -> 
  custom:audio-decoder-ogg-vorbis: bf7c407c2cedff20999df2af8eb42d56 -> 
  custom:audio-encoder-webm-vorbis: bf7c407c2cedff20999df2af8eb42d56 -> 
========================================================================
Received Import Request.
  path: Assets/ybot.fbx
  artifactKey: Guid(378948ccdcb67a9468c4276e9f3bd761) Importer(815301076,1909f56bfc062723c751e8b465ee728b)
Start importing Assets/ybot.fbx using Guid(378948ccdcb67a9468c4276e9f3bd761) Importer(815301076,1909f56bfc062723c751e8b465ee728b)  -> (artifact id: '7ff80165593d0e80092e96b0a862deec') in 0.374246 seconds 
  Import took 0.378922 seconds .

========================================================================
Received Import Request.
  Time since last request: 1408.205862 seconds.
  path: Assets/animations
  artifactKey: Guid(13b70747691ae554fa70e8c3fe12dcf9) Importer(815301076,1909f56bfc062723c751e8b465ee728b)
Start importing Assets/animations using Guid(13b70747691ae554fa70e8c3fe12dcf9) Importer(815301076,1909f56bfc062723c751e8b465ee728b)  -> (artifact id: 'fe8afd9fb7f77f0bdd7ec9aeffec9847') in 0.004466 seconds 
  Import took 0.008301 seconds .

========================================================================
Received Import Request.
  Time since last request: 0.082345 seconds.
  path: Assets/animations/ybot@Button Pushing.fbx
  artifactKey: Guid(0c5fb83355565e442bdcb065d014172d) Importer(815301076,1909f56bfc062723c751e8b465ee728b)
Start importing Assets/animations/ybot@Button Pushing.fbx using Guid(0c5fb83355565e442bdcb065d014172d) Importer(815301076,1909f56bfc062723c751e8b465ee728b)  -> (artifact id: '0432f53e0b6bfe29a5724382f661172b') in 0.011793 seconds 
  Import took 0.016076 seconds .

========================================================================
Received Import Request.
  Time since last request: 0.000510 seconds.
  path: Assets/animations/ybot@Carrying.fbx
  artifactKey: Guid(9d68dcec8ea5b61489199ecce41daa75) Importer(815301076,1909f56bfc062723c751e8b465ee728b)
Start importing Assets/animations/ybot@Carrying.fbx using Guid(9d68dcec8ea5b61489199ecce41daa75) Importer(815301076,1909f56bfc062723c751e8b465ee728b)  -> (artifact id: '9b4ac2684453288c6984e95c8f75909a') in 0.012721 seconds 
  Import took 0.016663 seconds .

========================================================================
Received Import Request.
  Time since last request: 0.000387 seconds.
  path: Assets/animations/ybot@Running.fbx
  artifactKey: Guid(9ad7ebed91935e84f9fd78c390edb77a) Importer(815301076,1909f56bfc062723c751e8b465ee728b)
Start importing Assets/animations/ybot@Running.fbx using Guid(9ad7ebed91935e84f9fd78c390edb77a) Importer(815301076,1909f56bfc062723c751e8b465ee728b)  -> (artifact id: 'edf599d82a3b93b97ccbe2a3a07d5c19') in 0.013990 seconds 
  Import took 0.018307 seconds .

========================================================================
Received Import Request.
  Time since last request: 0.000468 seconds.
  path: Assets/animations/ybot@Picking Up Object.fbx
  artifactKey: Guid(1fc8473372db65340b2941560076d952) Importer(815301076,1909f56bfc062723c751e8b465ee728b)
Start importing Assets/animations/ybot@Picking Up Object.fbx using Guid(1fc8473372db65340b2941560076d952) Importer(815301076,1909f56bfc062723c751e8b465ee728b)  -> (artifact id: '454762b55ba6069577e450a9cb7674dd') in 0.011755 seconds 
  Import took 0.015453 seconds .

========================================================================
Received Import Request.
  Time since last request: 0.000468 seconds.
  path: Assets/animations/ybot@Idle.fbx
  artifactKey: Guid(b0c9e8ef9caf58e41a0d82305e239ba0) Importer(815301076,1909f56bfc062723c751e8b465ee728b)
Start importing Assets/animations/ybot@Idle.fbx using Guid(b0c9e8ef9caf58e41a0d82305e239ba0) Importer(815301076,1909f56bfc062723c751e8b465ee728b)  -> (artifact id: '5753c27be2fabc25ef520e898271b676') in 0.012737 seconds 
  Import took 0.017081 seconds .

========================================================================
Received Import Request.
  Time since last request: 0.000567 seconds.
  path: Assets/animations/ybot@Picking Up.fbx
  artifactKey: Guid(a00b6a528ef05ec4fa6d86466ff90274) Importer(815301076,1909f56bfc062723c751e8b465ee728b)
Start importing Assets/animations/ybot@Picking Up.fbx using Guid(a00b6a528ef05ec4fa6d86466ff90274) Importer(815301076,1909f56bfc062723c751e8b465ee728b)  -> (artifact id: 'eb715b0f9cbf29f7927734af223b6612') in 0.014003 seconds 
  Import took 0.017995 seconds .

========================================================================
Received Import Request.
  Time since last request: 0.000513 seconds.
  path: Assets/animations/ybot@Walking.fbx
  artifactKey: Guid(e210da0dfe84c454fa97c9f6cdf320bb) Importer(815301076,1909f56bfc062723c751e8b465ee728b)
Start importing Assets/animations/ybot@Walking.fbx using Guid(e210da0dfe84c454fa97c9f6cdf320bb) Importer(815301076,1909f56bfc062723c751e8b465ee728b)  -> (artifact id: '40376aa30d1adfd597cdb4cd4d1f41eb') in 0.013188 seconds 
  Import took 0.017182 seconds .

========================================================================
Received Import Request.
  Time since last request: 0.001179 seconds.
  path: Assets/animations/ybot@Putting Down.fbx
  artifactKey: Guid(c38161983898bea408a492364e771727) Importer(815301076,1909f56bfc062723c751e8b465ee728b)
Start importing Assets/animations/ybot@Putting Down.fbx using Guid(c38161983898bea408a492364e771727) Importer(815301076,1909f56bfc062723c751e8b465ee728b)  -> (artifact id: 'b2d8a7d43c04a171b0d18462b6f507b7') in 0.016011 seconds 
  Import took 0.020478 seconds .

========================================================================
Received Import Request.
  Time since last request: 0.000519 seconds.
  path: Assets/animations/ybot@Walking Carry.fbx
  artifactKey: Guid(8f2b837aeb109474eb5396fa0ebe4b31) Importer(815301076,1909f56bfc062723c751e8b465ee728b)
Start importing Assets/animations/ybot@Walking Carry.fbx using Guid(8f2b837aeb109474eb5396fa0ebe4b31) Importer(815301076,1909f56bfc062723c751e8b465ee728b)  -> (artifact id: '456de3fa8b139746e934ea20357616c0') in 0.014335 seconds 
  Import took 0.018247 seconds .

========================================================================
Received Import Request.
  Time since last request: 0.000506 seconds.
  path: Assets/animations/ybot@Crouch To Stand.fbx
  artifactKey: Guid(52acbc2080cf7414c84493462c06d18f) Importer(815301076,1909f56bfc062723c751e8b465ee728b)
Start importing Assets/animations/ybot@Crouch To Stand.fbx using Guid(52acbc2080cf7414c84493462c06d18f) Importer(815301076,1909f56bfc062723c751e8b465ee728b)  -> (artifact id: 'e06fa8cc74a4b7a224f6a58f5e2a29ed') in 0.012919 seconds 
  Import took 0.016652 seconds .

========================================================================
Received Import Request.
  Time since last request: 0.003617 seconds.
  path: Assets/animations/ybot@Walking Carry.fbx
  artifactKey: Guid(8f2b837aeb109474eb5396fa0ebe4b31) Importer(815301076,1909f56bfc062723c751e8b465ee728b)
Start importing Assets/animations/ybot@Walking Carry.fbx using Guid(8f2b837aeb109474eb5396fa0ebe4b31) Importer(815301076,1909f56bfc062723c751e8b465ee728b)  -> (artifact id: '456de3fa8b139746e934ea20357616c0') in 0.012353 seconds 
  Import took 0.017937 seconds .

========================================================================
Received Prepare
Registering precompiled user dll's ...
Registered in 0.005969 seconds.
Begin MonoManager ReloadAssembly
Native extension for WindowsStandalone target not found
Native extension for WebGL target not found
Refreshing native plugins compatible for Editor in 0.64 ms, found 2 plugins.
Preloading 0 native plugins for Editor in 0.00 ms.
Mono: successfully reloaded assembly
- Completed reload, in  2.143 seconds
Domain Reload Profiling:
	ReloadAssembly (2144ms)
		BeginReloadAssembly (228ms)
			ExecutionOrderSort (0ms)
			DisableScriptedObjects (10ms)
			BackupInstance (0ms)
			ReleaseScriptingObjects (0ms)
			CreateAndSetChildDomain (65ms)
		EndReloadAssembly (1792ms)
			LoadAssemblies (202ms)
			RebuildTransferFunctionScriptingTraits (0ms)
			SetupTypeCache (501ms)
			ReleaseScriptCaches (1ms)
			RebuildScriptCaches (70ms)
			SetupLoadedEditorAssemblies (842ms)
				LogAssemblyErrors (0ms)
				InitializePlatformSupportModulesInManaged (14ms)
				SetLoadedEditorAssemblies (1ms)
				RefreshPlugins (1ms)
				BeforeProcessingInitializeOnLoad (160ms)
				ProcessInitializeOnLoadAttributes (652ms)
				ProcessInitializeOnLoadMethodAttributes (8ms)
				AfterProcessingInitializeOnLoad (5ms)
				EditorAssembliesLoaded (1ms)
			ExecutionOrderSort2 (0ms)
			AwakeInstancesAfterBackupRestoration (16ms)
Platform modules already initialized, skipping
Refreshing native plugins compatible for Editor in 0.61 ms, found 2 plugins.
Preloading 0 native plugins for Editor in 0.00 ms.
Unloading 1392 Unused Serialized files (Serialized files now loaded: 0)
System memory in use before: 82.3 MB.
System memory in use after: 82.4 MB.

Unloading 13 unused Assets to reduce memory usage. Loaded Objects now: 1878.
Total: 5.278389 ms (FindLiveObjects: 0.421977 ms CreateObjectMapping: 0.102921 ms MarkObjects: 4.717713 ms  DeleteObjects: 0.027936 ms)

AssetImportParameters requested are different than current active one (requested -> active):
  custom:framework-win-MediaFoundation: 216162199b28c13a410421893ffa2e32 -> 
  custom:video-decoder-ogg-theora: a1e56fd34408186e4bbccfd4996cb3dc -> 
  custom:container-muxer-webm: aa71ff27fc2769a1b78a27578f13a17b -> 
  custom:container-demuxer-webm: 4f35f7cbe854078d1ac9338744f61a02 -> 
  custom:container-demuxer-ogg: 62fdf1f143b41e24485cea50d1cbac27 -> 
  custom:video-encoder-webm-vp8: eb34c28f22e8b96e1ab97ce403110664 -> 
  custom:video-decoder-webm-vp8: 9c59270c3fd7afecdb556c50c9e8de78 -> 
  custom:audio-decoder-ogg-vorbis: bf7c407c2cedff20999df2af8eb42d56 -> 
  custom:audio-encoder-webm-vorbis: bf7c407c2cedff20999df2af8eb42d56 -> 
AssetImportWorkerClient::OnTransportError - code=2 error=End of file
